https://alpinistasamurai.wordpress.com/2011/11/01/performance-a-collegats/
https://alpinistasamurai.wordpress.com/2013/04/20/escalada-esportiva-a-alos-de-balaguer/
https://alpinistasamurai.wordpress.com/2012/03/15/willkommen-in-leipzig/
https://alpinistasamurai.wordpress.com/2013/05/04/escalada-al-rocodrom-dalpicat/
https://alpinistasamurai.wordpress.com/2012/07/21/volta-pels-estanys-de-romero/
https://alpinistasamurai.wordpress.com/2011/11/29/excursio-a-estany-gento-i-refugi-de-colomina/
https://alpinistasamurai.wordpress.com/2012/02/26/cronica-duna-copa/
https://alpinistasamurai.wordpress.com/2011/11/13/dos-birres-i-unes-braves-va1-175m/
https://alpinistasamurai.wordpress.com/2012/06/19/directa-al-cilindre-6b-100m/
https://alpinistasamurai.wordpress.com/2012/02/26/escalada-en-gel-a-cavallers-salto-del-mandril/
https://alpinistasamurai.wordpress.com/2011/12/23/escalada-en-gel-a-bielsa/
https://alpinistasamurai.wordpress.com/2012/01/02/dherois-i-desastres/
https://alpinistasamurai.wordpress.com/2011/12/10/aneto-3404m-pel-corredor-estasen-pd-250m-max-50o-ii/
https://alpinistasamurai.wordpress.com/2012/07/15/cresta-de-la-cruz-a-olvena-310m-v/p1090758/
https://alpinistasamurai.wordpress.com/2012/03/08/reinhold-messner-leben-am-limit/
https://alpinistasamurai.wordpress.com/2011/10/30/isaac-gabriel-a-la-paret-de-los-v-160m/
https://alpinistasamurai.wordpress.com/2011/10/28/cristian-gutierrez-a-lespero-remacha/
https://alpinistasamurai.wordpress.com/2013/03/16/la-colera-de-dios-55m-ii4-a-bielsa/
https://alpinistasamurai.wordpress.com/2012/03/19/wochenende-in-berlin/
https://alpinistasamurai.wordpress.com/2012/01/03/escalada-esportiva-a-castillonroy/
https://alpinistasamurai.wordpress.com/2011/10/26/escalada-esportiva-a-margalef-can-llepafils/
https://alpinistasamurai.wordpress.com/2012/07/15/cresta-de-la-cruz-a-olvena-310m-v/p1090758/
https://alpinistasamurai.wordpress.com/2013/04/20/escalada-esportiva-a-alos-de-balaguer/
https://alpinistasamurai.wordpress.com/2012/03/08/reinhold-messner-leben-am-limit/
https://alpinistasamurai.wordpress.com/2013/03/16/la-colera-de-dios-55m-ii4-a-bielsa/
https://alpinistasamurai.wordpress.com/2012/03/19/wochenende-in-berlin/
https://alpinistasamurai.wordpress.com/2012/03/15/willkommen-in-leipzig/
https://alpinistasamurai.wordpress.com/2013/05/04/escalada-al-rocodrom-dalpicat/
https://alpinistasamurai.wordpress.com/2012/07/21/volta-pels-estanys-de-romero/
https://alpinistasamurai.wordpress.com/2012/06/19/directa-al-cilindre-6b-100m/
